{"C:\\Users\\acer\\Desktop\\100DaysChallenge\\Day9-Movie-Rating-Explorer\\src\\movie.ts": {"path":"C:\\Users\\acer\\Desktop\\100DaysChallenge\\Day9-Movie-Rating-Explorer\\src\\movie.ts","statementMap":{"0":{"start":{"line":12,"column":0},"end":{"line":12,"column":16}},"1":{"start":{"line":17,"column":0},"end":{"line":17,"column":16}},"2":{"start":{"line":23,"column":0},"end":{"line":23,"column":16}},"3":{"start":{"line":1,"column":0},"end":{"line":1,"column":40}},"4":{"start":{"line":13,"column":2},"end":{"line":13,"column":51}},"5":{"start":{"line":13,"column":28},"end":{"line":13,"column":49}},"6":{"start":{"line":18,"column":17},"end":{"line":18,"column":92}},"7":{"start":{"line":18,"column":38},"end":{"line":18,"column":91}},"8":{"start":{"line":19,"column":2},"end":{"line":19,"column":28}},"9":{"start":{"line":24,"column":2},"end":{"line":30,"column":36}},"10":{"start":{"line":25,"column":4},"end":{"line":27,"column":5}},"11":{"start":{"line":26,"column":6},"end":{"line":26,"column":28}},"12":{"start":{"line":28,"column":4},"end":{"line":28,"column":33}},"13":{"start":{"line":29,"column":4},"end":{"line":29,"column":15}}},"fnMap":{"0":{"name":"getMoviesAboveRating","decl":{"start":{"line":12,"column":16},"end":{"line":12,"column":36}},"loc":{"start":{"line":12,"column":54},"end":{"line":14,"column":1}}},"1":{"name":"(anonymous_2)","decl":{"start":{"line":13,"column":23},"end":{"line":13,"column":24}},"loc":{"start":{"line":13,"column":28},"end":{"line":13,"column":49}}},"2":{"name":"getTopMovies","decl":{"start":{"line":17,"column":16},"end":{"line":17,"column":28}},"loc":{"start":{"line":17,"column":38},"end":{"line":20,"column":1}}},"3":{"name":"(anonymous_4)","decl":{"start":{"line":18,"column":29},"end":{"line":18,"column":30}},"loc":{"start":{"line":18,"column":38},"end":{"line":18,"column":91}}},"4":{"name":"groupByGenre","decl":{"start":{"line":23,"column":16},"end":{"line":23,"column":28}},"loc":{"start":{"line":23,"column":28},"end":{"line":31,"column":1}}},"5":{"name":"(anonymous_6)","decl":{"start":{"line":24,"column":23},"end":{"line":24,"column":24}},"loc":{"start":{"line":24,"column":38},"end":{"line":30,"column":3}}}},"branchMap":{"0":{"loc":{"start":{"line":18,"column":38},"end":{"line":18,"column":91}},"type":"binary-expr","locations":[{"start":{"line":18,"column":38},"end":{"line":18,"column":57}},{"start":{"line":18,"column":61},"end":{"line":18,"column":91}}]},"1":{"loc":{"start":{"line":25,"column":4},"end":{"line":27,"column":5}},"type":"if","locations":[{"start":{"line":25,"column":4},"end":{"line":27,"column":5}},{"start":{},"end":{}}]}},"s":{"0":1,"1":1,"2":1,"3":1,"4":2,"5":10,"6":2,"7":11,"8":2,"9":1,"10":5,"11":3,"12":5,"13":5},"f":{"0":2,"1":10,"2":2,"3":11,"4":1,"5":5},"b":{"0":[11,2],"1":[3,2]}}
}
